/Users/hongjihyun/opt/anaconda3/lib/python3.9/site-packages/flask_marshmallow/__init__.py:26: UserWarning: Flask-SQLAlchemy integration requires marshmallow-sqlalchemy to be installed.
  warnings.warn(
 * Serving Flask app "app" (lazy loading)
 * Environment: production
   WARNING: This is a development server. Do not use it in a production deployment.
   Use a production WSGI server instead.
 * Debug mode: on
 * Running on all addresses.
   WARNING: This is a development server. Do not use it in a production deployment.
 * Running on http://172.30.1.44:5000/ (Press CTRL+C to quit)
 * Restarting with watchdog (fsevents)
/Users/hongjihyun/opt/anaconda3/lib/python3.9/site-packages/flask_marshmallow/__init__.py:26: UserWarning: Flask-SQLAlchemy integration requires marshmallow-sqlalchemy to be installed.
  warnings.warn(
 * Debugger is active!
 * Debugger PIN: 100-145-266
Traceback (most recent call last):
  File "/Users/hongjihyun/Desktop/git/Advertisement/backend/app.py", line 124, in <module>
    app.run(host='0.0.0.0', port=5000, debug=True)
  File "/Users/hongjihyun/opt/anaconda3/lib/python3.9/site-packages/flask/app.py", line 990, in run
    run_simple(host, port, self, **options)
  File "/Users/hongjihyun/opt/anaconda3/lib/python3.9/site-packages/werkzeug/serving.py", line 1002, in run_simple
    _rwr(
  File "/Users/hongjihyun/opt/anaconda3/lib/python3.9/site-packages/werkzeug/_reloader.py", line 418, in run_with_reloader
    ensure_echo_on()
  File "/Users/hongjihyun/opt/anaconda3/lib/python3.9/site-packages/werkzeug/_reloader.py", line 398, in ensure_echo_on
    termios.tcsetattr(sys.stdin, termios.TCSANOW, attributes)
termios.error: (4, 'Interrupted system call')
